<?xml version="1.0" encoding="UTF-8"?>
<!-- Generated by org.testng.reporters.JUnitXMLReporter -->
<testsuite hostname="Subhojit" ignored="0" name="TestAPI_01" tests="3" failures="0" timestamp="02 Apr 2020 17:53:18 GMT" time="7.681" errors="0">
  <testcase name="validateStatusCode" time="4.402" classname="com.test.basttest.TestApi"/>
  <testcase name="validateStatusCode1" time="1.323" classname="com.test.basttest.TestApi"/>
  <testcase name="testGetStatus" time="1.877" classname="com.test.pagestest.TestApi"/>
</testsuite> <!-- TestAPI_01 -->
