<?xml version="1.0" encoding="UTF-8"?>
<!-- Generated by org.testng.reporters.JUnitXMLReporter -->
<testsuite hostname="Subhojit" ignored="2" name="TestAPI_01" tests="2" failures="1" timestamp="02 Apr 2020 18:04:48 GMT" time="5.605" errors="0">
  <testcase name="testGetStatus" time="5.151" classname="com.test.pagestest.TestApi"/>
  <testcase name="testTheStatus" time="0.395" classname="com.test.pagestest.TestApi_02">
    <failure type="java.lang.AssertionError" message="expected [200] but found [404]">
      <![CDATA[java.lang.AssertionError: expected [200] but found [404]
	at com.test.pagestest.TestApi_02.testTheStatus(TestApi_02.java:19)
... Removed 31 stack frames]]>
    </failure>
  </testcase> <!-- testTheStatus -->
  <testcase name="validateStatusCode" time="0.0" classname="com.test.basttest.TestApi">
    <ignored/>
  </testcase> <!-- validateStatusCode -->
  <testcase name="validateStatusCode1" time="0.0" classname="com.test.basttest.TestApi">
    <ignored/>
  </testcase> <!-- validateStatusCode1 -->
</testsuite> <!-- TestAPI_01 -->
